<?xml version="1.0" encoding="UTF-8"?>
<testsuite xmlns:xsi="http://www.w3.org/2001/XMLSchema-instance" xsi:noNamespaceSchemaLocation="https://maven.apache.org/surefire/maven-surefire-plugin/xsd/surefire-test-report-3.0.xsd" version="3.0" name="intergrationTest.login.LoginTest" time="3.0" tests="1" errors="0" skipped="0" failures="0">
  <properties>
    <property name="java.specification.version" value="21"/>
    <property name="sun.jnu.encoding" value="UTF-8"/>
    <property name="java.class.path" value="/Users/sandyyoung/IdeaProjects/New-Framework/target/test-classes:/Users/sandyyoung/IdeaProjects/New-Framework/target/classes:/Users/sandyyoung/.m2/repository/com/fasterxml/jackson/core/jackson-databind/2.12.3/jackson-databind-2.12.3.jar:/Users/sandyyoung/.m2/repository/com/fasterxml/jackson/core/jackson-annotations/2.12.3/jackson-annotations-2.12.3.jar:/Users/sandyyoung/.m2/repository/com/fasterxml/jackson/core/jackson-core/2.12.3/jackson-core-2.12.3.jar:/Users/sandyyoung/.m2/repository/org/projectlombok/lombok/1.18.24/lombok-1.18.24.jar:/Users/sandyyoung/.m2/repository/org/apache/logging/log4j/log4j-core/2.14.1/log4j-core-2.14.1.jar:/Users/sandyyoung/.m2/repository/org/apache/logging/log4j/log4j-api/2.14.1/log4j-api-2.14.1.jar:/Users/sandyyoung/.m2/repository/com/aventstack/extentreports/4.1.5/extentreports-4.1.5.jar:/Users/sandyyoung/.m2/repository/org/freemarker/freemarker/2.3.29/freemarker-2.3.29.jar:/Users/sandyyoung/.m2/repository/org/apache/httpcomponents/httpclient/4.5.2/httpclient-4.5.2.jar:/Users/sandyyoung/.m2/repository/org/apache/httpcomponents/httpcore/4.4.4/httpcore-4.4.4.jar:/Users/sandyyoung/.m2/repository/commons-logging/commons-logging/1.2/commons-logging-1.2.jar:/Users/sandyyoung/.m2/repository/commons-codec/commons-codec/1.9/commons-codec-1.9.jar:/Users/sandyyoung/.m2/repository/org/apache/httpcomponents/httpmime/4.5.2/httpmime-4.5.2.jar:/Users/sandyyoung/.m2/repository/com/google/code/gson/gson/2.8.6/gson-2.8.6.jar:/Users/sandyyoung/.m2/repository/org/mongodb/mongodb-driver/3.12.0/mongodb-driver-3.12.0.jar:/Users/sandyyoung/.m2/repository/org/mongodb/mongodb-driver-core/3.12.0/mongodb-driver-core-3.12.0.jar:/Users/sandyyoung/.m2/repository/org/mongodb/bson/3.12.0/bson-3.12.0.jar:/Users/sandyyoung/.m2/repository/org/seleniumhq/selenium/selenium-java/4.17.0/selenium-java-4.17.0.jar:/Users/sandyyoung/.m2/repository/org/seleniumhq/selenium/selenium-api/4.17.0/selenium-api-4.17.0.jar:/Users/sandyyoung/.m2/repository/org/seleniumhq/selenium/selenium-chrome-driver/4.17.0/selenium-chrome-driver-4.17.0.jar:/Users/sandyyoung/.m2/repository/com/google/auto/service/auto-service-annotations/1.1.1/auto-service-annotations-1.1.1.jar:/Users/sandyyoung/.m2/repository/org/seleniumhq/selenium/selenium-chromium-driver/4.17.0/selenium-chromium-driver-4.17.0.jar:/Users/sandyyoung/.m2/repository/org/seleniumhq/selenium/selenium-json/4.17.0/selenium-json-4.17.0.jar:/Users/sandyyoung/.m2/repository/org/seleniumhq/selenium/selenium-manager/4.17.0/selenium-manager-4.17.0.jar:/Users/sandyyoung/.m2/repository/org/seleniumhq/selenium/selenium-devtools-v119/4.17.0/selenium-devtools-v119-4.17.0.jar:/Users/sandyyoung/.m2/repository/org/seleniumhq/selenium/selenium-devtools-v120/4.17.0/selenium-devtools-v120-4.17.0.jar:/Users/sandyyoung/.m2/repository/org/seleniumhq/selenium/selenium-devtools-v121/4.17.0/selenium-devtools-v121-4.17.0.jar:/Users/sandyyoung/.m2/repository/org/seleniumhq/selenium/selenium-devtools-v85/4.17.0/selenium-devtools-v85-4.17.0.jar:/Users/sandyyoung/.m2/repository/org/seleniumhq/selenium/selenium-edge-driver/4.17.0/selenium-edge-driver-4.17.0.jar:/Users/sandyyoung/.m2/repository/org/seleniumhq/selenium/selenium-firefox-driver/4.17.0/selenium-firefox-driver-4.17.0.jar:/Users/sandyyoung/.m2/repository/org/seleniumhq/selenium/selenium-http/4.17.0/selenium-http-4.17.0.jar:/Users/sandyyoung/.m2/repository/dev/failsafe/failsafe/3.3.2/failsafe-3.3.2.jar:/Users/sandyyoung/.m2/repository/org/seleniumhq/selenium/selenium-ie-driver/4.17.0/selenium-ie-driver-4.17.0.jar:/Users/sandyyoung/.m2/repository/org/seleniumhq/selenium/selenium-remote-driver/4.17.0/selenium-remote-driver-4.17.0.jar:/Users/sandyyoung/.m2/repository/com/google/guava/guava/33.0.0-jre/guava-33.0.0-jre.jar:/Users/sandyyoung/.m2/repository/com/google/guava/failureaccess/1.0.2/failureaccess-1.0.2.jar:/Users/sandyyoung/.m2/repository/com/google/guava/listenablefuture/9999.0-empty-to-avoid-conflict-with-guava/listenablefuture-9999.0-empty-to-avoid-conflict-with-guava.jar:/Users/sandyyoung/.m2/repository/org/checkerframework/checker-qual/3.41.0/checker-qual-3.41.0.jar:/Users/sandyyoung/.m2/repository/com/google/errorprone/error_prone_annotations/2.23.0/error_prone_annotations-2.23.0.jar:/Users/sandyyoung/.m2/repository/com/google/j2objc/j2objc-annotations/2.8/j2objc-annotations-2.8.jar:/Users/sandyyoung/.m2/repository/io/opentelemetry/semconv/opentelemetry-semconv/1.23.1-alpha/opentelemetry-semconv-1.23.1-alpha.jar:/Users/sandyyoung/.m2/repository/io/opentelemetry/opentelemetry-api/1.34.1/opentelemetry-api-1.34.1.jar:/Users/sandyyoung/.m2/repository/io/opentelemetry/opentelemetry-context/1.34.1/opentelemetry-context-1.34.1.jar:/Users/sandyyoung/.m2/repository/io/opentelemetry/opentelemetry-exporter-logging/1.34.1/opentelemetry-exporter-logging-1.34.1.jar:/Users/sandyyoung/.m2/repository/io/opentelemetry/opentelemetry-sdk-common/1.34.1/opentelemetry-sdk-common-1.34.1.jar:/Users/sandyyoung/.m2/repository/io/opentelemetry/opentelemetry-sdk-extension-autoconfigure-spi/1.34.1/opentelemetry-sdk-extension-autoconfigure-spi-1.34.1.jar:/Users/sandyyoung/.m2/repository/io/opentelemetry/opentelemetry-sdk-extension-autoconfigure/1.34.1/opentelemetry-sdk-extension-autoconfigure-1.34.1.jar:/Users/sandyyoung/.m2/repository/io/opentelemetry/opentelemetry-api-events/1.34.1-alpha/opentelemetry-api-events-1.34.1-alpha.jar:/Users/sandyyoung/.m2/repository/io/opentelemetry/opentelemetry-sdk-trace/1.34.1/opentelemetry-sdk-trace-1.34.1.jar:/Users/sandyyoung/.m2/repository/io/opentelemetry/opentelemetry-sdk/1.34.1/opentelemetry-sdk-1.34.1.jar:/Users/sandyyoung/.m2/repository/io/opentelemetry/opentelemetry-sdk-metrics/1.34.1/opentelemetry-sdk-metrics-1.34.1.jar:/Users/sandyyoung/.m2/repository/io/opentelemetry/opentelemetry-extension-incubator/1.34.1-alpha/opentelemetry-extension-incubator-1.34.1-alpha.jar:/Users/sandyyoung/.m2/repository/io/opentelemetry/opentelemetry-sdk-logs/1.34.1/opentelemetry-sdk-logs-1.34.1.jar:/Users/sandyyoung/.m2/repository/net/bytebuddy/byte-buddy/1.14.11/byte-buddy-1.14.11.jar:/Users/sandyyoung/.m2/repository/org/seleniumhq/selenium/selenium-os/4.17.0/selenium-os-4.17.0.jar:/Users/sandyyoung/.m2/repository/org/apache/commons/commons-exec/1.3/commons-exec-1.3.jar:/Users/sandyyoung/.m2/repository/org/seleniumhq/selenium/selenium-safari-driver/4.17.0/selenium-safari-driver-4.17.0.jar:/Users/sandyyoung/.m2/repository/org/seleniumhq/selenium/selenium-support/4.17.0/selenium-support-4.17.0.jar:/Users/sandyyoung/.m2/repository/org/testng/testng/7.5.1/testng-7.5.1.jar:/Users/sandyyoung/.m2/repository/com/google/code/findbugs/jsr305/3.0.1/jsr305-3.0.1.jar:/Users/sandyyoung/.m2/repository/com/beust/jcommander/1.78/jcommander-1.78.jar:/Users/sandyyoung/.m2/repository/org/webjars/jquery/3.5.1/jquery-3.5.1.jar:/Users/sandyyoung/.m2/repository/junit/junit/4.13.2/junit-4.13.2.jar:/Users/sandyyoung/.m2/repository/org/hamcrest/hamcrest-core/1.3/hamcrest-core-1.3.jar:/Users/sandyyoung/.m2/repository/io/rest-assured/rest-assured/5.3.0/rest-assured-5.3.0.jar:/Users/sandyyoung/.m2/repository/org/apache/groovy/groovy/4.0.6/groovy-4.0.6.jar:/Users/sandyyoung/.m2/repository/org/apache/groovy/groovy-xml/4.0.6/groovy-xml-4.0.6.jar:/Users/sandyyoung/.m2/repository/org/hamcrest/hamcrest/2.1/hamcrest-2.1.jar:/Users/sandyyoung/.m2/repository/org/ccil/cowan/tagsoup/tagsoup/1.2.1/tagsoup-1.2.1.jar:/Users/sandyyoung/.m2/repository/io/rest-assured/json-path/5.3.0/json-path-5.3.0.jar:/Users/sandyyoung/.m2/repository/org/apache/groovy/groovy-json/4.0.6/groovy-json-4.0.6.jar:/Users/sandyyoung/.m2/repository/io/rest-assured/rest-assured-common/5.3.0/rest-assured-common-5.3.0.jar:/Users/sandyyoung/.m2/repository/io/rest-assured/xml-path/5.3.0/xml-path-5.3.0.jar:/Users/sandyyoung/.m2/repository/org/apache/commons/commons-lang3/3.11/commons-lang3-3.11.jar:"/>
    <property name="java.vm.vendor" value="Homebrew"/>
    <property name="sun.arch.data.model" value="64"/>
    <property name="java.vendor.url" value="https://github.com/Homebrew/homebrew-core/issues"/>
    <property name="user.timezone" value="Asia/Jakarta"/>
    <property name="os.name" value="Mac OS X"/>
    <property name="java.vm.specification.version" value="21"/>
    <property name="sun.java.launcher" value="SUN_STANDARD"/>
    <property name="user.country" value="ID"/>
    <property name="sun.boot.library.path" value="/opt/homebrew/Cellar/openjdk/21.0.3/libexec/openjdk.jdk/Contents/Home/lib"/>
    <property name="sun.java.command" value="/Users/sandyyoung/IdeaProjects/New-Framework/target/surefire/surefirebooter-20240521212217835_3.jar /Users/sandyyoung/IdeaProjects/New-Framework/target/surefire 2024-05-21T21-22-17_805-jvmRun1 surefire-20240521212217835_1tmp surefire_0-20240521212217835_2tmp"/>
    <property name="http.nonProxyHosts" value="local|*.local|169.254/16|*.169.254/16"/>
    <property name="jdk.debug" value="release"/>
    <property name="surefire.test.class.path" value="/Users/sandyyoung/IdeaProjects/New-Framework/target/test-classes:/Users/sandyyoung/IdeaProjects/New-Framework/target/classes:/Users/sandyyoung/.m2/repository/com/fasterxml/jackson/core/jackson-databind/2.12.3/jackson-databind-2.12.3.jar:/Users/sandyyoung/.m2/repository/com/fasterxml/jackson/core/jackson-annotations/2.12.3/jackson-annotations-2.12.3.jar:/Users/sandyyoung/.m2/repository/com/fasterxml/jackson/core/jackson-core/2.12.3/jackson-core-2.12.3.jar:/Users/sandyyoung/.m2/repository/org/projectlombok/lombok/1.18.24/lombok-1.18.24.jar:/Users/sandyyoung/.m2/repository/org/apache/logging/log4j/log4j-core/2.14.1/log4j-core-2.14.1.jar:/Users/sandyyoung/.m2/repository/org/apache/logging/log4j/log4j-api/2.14.1/log4j-api-2.14.1.jar:/Users/sandyyoung/.m2/repository/com/aventstack/extentreports/4.1.5/extentreports-4.1.5.jar:/Users/sandyyoung/.m2/repository/org/freemarker/freemarker/2.3.29/freemarker-2.3.29.jar:/Users/sandyyoung/.m2/repository/org/apache/httpcomponents/httpclient/4.5.2/httpclient-4.5.2.jar:/Users/sandyyoung/.m2/repository/org/apache/httpcomponents/httpcore/4.4.4/httpcore-4.4.4.jar:/Users/sandyyoung/.m2/repository/commons-logging/commons-logging/1.2/commons-logging-1.2.jar:/Users/sandyyoung/.m2/repository/commons-codec/commons-codec/1.9/commons-codec-1.9.jar:/Users/sandyyoung/.m2/repository/org/apache/httpcomponents/httpmime/4.5.2/httpmime-4.5.2.jar:/Users/sandyyoung/.m2/repository/com/google/code/gson/gson/2.8.6/gson-2.8.6.jar:/Users/sandyyoung/.m2/repository/org/mongodb/mongodb-driver/3.12.0/mongodb-driver-3.12.0.jar:/Users/sandyyoung/.m2/repository/org/mongodb/mongodb-driver-core/3.12.0/mongodb-driver-core-3.12.0.jar:/Users/sandyyoung/.m2/repository/org/mongodb/bson/3.12.0/bson-3.12.0.jar:/Users/sandyyoung/.m2/repository/org/seleniumhq/selenium/selenium-java/4.17.0/selenium-java-4.17.0.jar:/Users/sandyyoung/.m2/repository/org/seleniumhq/selenium/selenium-api/4.17.0/selenium-api-4.17.0.jar:/Users/sandyyoung/.m2/repository/org/seleniumhq/selenium/selenium-chrome-driver/4.17.0/selenium-chrome-driver-4.17.0.jar:/Users/sandyyoung/.m2/repository/com/google/auto/service/auto-service-annotations/1.1.1/auto-service-annotations-1.1.1.jar:/Users/sandyyoung/.m2/repository/org/seleniumhq/selenium/selenium-chromium-driver/4.17.0/selenium-chromium-driver-4.17.0.jar:/Users/sandyyoung/.m2/repository/org/seleniumhq/selenium/selenium-json/4.17.0/selenium-json-4.17.0.jar:/Users/sandyyoung/.m2/repository/org/seleniumhq/selenium/selenium-manager/4.17.0/selenium-manager-4.17.0.jar:/Users/sandyyoung/.m2/repository/org/seleniumhq/selenium/selenium-devtools-v119/4.17.0/selenium-devtools-v119-4.17.0.jar:/Users/sandyyoung/.m2/repository/org/seleniumhq/selenium/selenium-devtools-v120/4.17.0/selenium-devtools-v120-4.17.0.jar:/Users/sandyyoung/.m2/repository/org/seleniumhq/selenium/selenium-devtools-v121/4.17.0/selenium-devtools-v121-4.17.0.jar:/Users/sandyyoung/.m2/repository/org/seleniumhq/selenium/selenium-devtools-v85/4.17.0/selenium-devtools-v85-4.17.0.jar:/Users/sandyyoung/.m2/repository/org/seleniumhq/selenium/selenium-edge-driver/4.17.0/selenium-edge-driver-4.17.0.jar:/Users/sandyyoung/.m2/repository/org/seleniumhq/selenium/selenium-firefox-driver/4.17.0/selenium-firefox-driver-4.17.0.jar:/Users/sandyyoung/.m2/repository/org/seleniumhq/selenium/selenium-http/4.17.0/selenium-http-4.17.0.jar:/Users/sandyyoung/.m2/repository/dev/failsafe/failsafe/3.3.2/failsafe-3.3.2.jar:/Users/sandyyoung/.m2/repository/org/seleniumhq/selenium/selenium-ie-driver/4.17.0/selenium-ie-driver-4.17.0.jar:/Users/sandyyoung/.m2/repository/org/seleniumhq/selenium/selenium-remote-driver/4.17.0/selenium-remote-driver-4.17.0.jar:/Users/sandyyoung/.m2/repository/com/google/guava/guava/33.0.0-jre/guava-33.0.0-jre.jar:/Users/sandyyoung/.m2/repository/com/google/guava/failureaccess/1.0.2/failureaccess-1.0.2.jar:/Users/sandyyoung/.m2/repository/com/google/guava/listenablefuture/9999.0-empty-to-avoid-conflict-with-guava/listenablefuture-9999.0-empty-to-avoid-conflict-with-guava.jar:/Users/sandyyoung/.m2/repository/org/checkerframework/checker-qual/3.41.0/checker-qual-3.41.0.jar:/Users/sandyyoung/.m2/repository/com/google/errorprone/error_prone_annotations/2.23.0/error_prone_annotations-2.23.0.jar:/Users/sandyyoung/.m2/repository/com/google/j2objc/j2objc-annotations/2.8/j2objc-annotations-2.8.jar:/Users/sandyyoung/.m2/repository/io/opentelemetry/semconv/opentelemetry-semconv/1.23.1-alpha/opentelemetry-semconv-1.23.1-alpha.jar:/Users/sandyyoung/.m2/repository/io/opentelemetry/opentelemetry-api/1.34.1/opentelemetry-api-1.34.1.jar:/Users/sandyyoung/.m2/repository/io/opentelemetry/opentelemetry-context/1.34.1/opentelemetry-context-1.34.1.jar:/Users/sandyyoung/.m2/repository/io/opentelemetry/opentelemetry-exporter-logging/1.34.1/opentelemetry-exporter-logging-1.34.1.jar:/Users/sandyyoung/.m2/repository/io/opentelemetry/opentelemetry-sdk-common/1.34.1/opentelemetry-sdk-common-1.34.1.jar:/Users/sandyyoung/.m2/repository/io/opentelemetry/opentelemetry-sdk-extension-autoconfigure-spi/1.34.1/opentelemetry-sdk-extension-autoconfigure-spi-1.34.1.jar:/Users/sandyyoung/.m2/repository/io/opentelemetry/opentelemetry-sdk-extension-autoconfigure/1.34.1/opentelemetry-sdk-extension-autoconfigure-1.34.1.jar:/Users/sandyyoung/.m2/repository/io/opentelemetry/opentelemetry-api-events/1.34.1-alpha/opentelemetry-api-events-1.34.1-alpha.jar:/Users/sandyyoung/.m2/repository/io/opentelemetry/opentelemetry-sdk-trace/1.34.1/opentelemetry-sdk-trace-1.34.1.jar:/Users/sandyyoung/.m2/repository/io/opentelemetry/opentelemetry-sdk/1.34.1/opentelemetry-sdk-1.34.1.jar:/Users/sandyyoung/.m2/repository/io/opentelemetry/opentelemetry-sdk-metrics/1.34.1/opentelemetry-sdk-metrics-1.34.1.jar:/Users/sandyyoung/.m2/repository/io/opentelemetry/opentelemetry-extension-incubator/1.34.1-alpha/opentelemetry-extension-incubator-1.34.1-alpha.jar:/Users/sandyyoung/.m2/repository/io/opentelemetry/opentelemetry-sdk-logs/1.34.1/opentelemetry-sdk-logs-1.34.1.jar:/Users/sandyyoung/.m2/repository/net/bytebuddy/byte-buddy/1.14.11/byte-buddy-1.14.11.jar:/Users/sandyyoung/.m2/repository/org/seleniumhq/selenium/selenium-os/4.17.0/selenium-os-4.17.0.jar:/Users/sandyyoung/.m2/repository/org/apache/commons/commons-exec/1.3/commons-exec-1.3.jar:/Users/sandyyoung/.m2/repository/org/seleniumhq/selenium/selenium-safari-driver/4.17.0/selenium-safari-driver-4.17.0.jar:/Users/sandyyoung/.m2/repository/org/seleniumhq/selenium/selenium-support/4.17.0/selenium-support-4.17.0.jar:/Users/sandyyoung/.m2/repository/org/testng/testng/7.5.1/testng-7.5.1.jar:/Users/sandyyoung/.m2/repository/com/google/code/findbugs/jsr305/3.0.1/jsr305-3.0.1.jar:/Users/sandyyoung/.m2/repository/com/beust/jcommander/1.78/jcommander-1.78.jar:/Users/sandyyoung/.m2/repository/org/webjars/jquery/3.5.1/jquery-3.5.1.jar:/Users/sandyyoung/.m2/repository/junit/junit/4.13.2/junit-4.13.2.jar:/Users/sandyyoung/.m2/repository/org/hamcrest/hamcrest-core/1.3/hamcrest-core-1.3.jar:/Users/sandyyoung/.m2/repository/io/rest-assured/rest-assured/5.3.0/rest-assured-5.3.0.jar:/Users/sandyyoung/.m2/repository/org/apache/groovy/groovy/4.0.6/groovy-4.0.6.jar:/Users/sandyyoung/.m2/repository/org/apache/groovy/groovy-xml/4.0.6/groovy-xml-4.0.6.jar:/Users/sandyyoung/.m2/repository/org/hamcrest/hamcrest/2.1/hamcrest-2.1.jar:/Users/sandyyoung/.m2/repository/org/ccil/cowan/tagsoup/tagsoup/1.2.1/tagsoup-1.2.1.jar:/Users/sandyyoung/.m2/repository/io/rest-assured/json-path/5.3.0/json-path-5.3.0.jar:/Users/sandyyoung/.m2/repository/org/apache/groovy/groovy-json/4.0.6/groovy-json-4.0.6.jar:/Users/sandyyoung/.m2/repository/io/rest-assured/rest-assured-common/5.3.0/rest-assured-common-5.3.0.jar:/Users/sandyyoung/.m2/repository/io/rest-assured/xml-path/5.3.0/xml-path-5.3.0.jar:/Users/sandyyoung/.m2/repository/org/apache/commons/commons-lang3/3.11/commons-lang3-3.11.jar:"/>
    <property name="sun.cpu.endian" value="little"/>
    <property name="user.home" value="/Users/sandyyoung"/>
    <property name="user.language" value="en"/>
    <property name="java.specification.vendor" value="Oracle Corporation"/>
    <property name="java.version.date" value="2024-04-16"/>
    <property name="java.home" value="/opt/homebrew/Cellar/openjdk/21.0.3/libexec/openjdk.jdk/Contents/Home"/>
    <property name="file.separator" value="/"/>
    <property name="basedir" value="/Users/sandyyoung/IdeaProjects/New-Framework"/>
    <property name="java.vm.compressedOopsMode" value="Zero based"/>
    <property name="line.separator" value="&#10;"/>
    <property name="java.vm.specification.vendor" value="Oracle Corporation"/>
    <property name="java.specification.name" value="Java Platform API Specification"/>
    <property name="apple.awt.application.name" value="ForkedBooter"/>
    <property name="surefire.real.class.path" value="/Users/sandyyoung/IdeaProjects/New-Framework/target/surefire/surefirebooter-20240521212217835_3.jar"/>
    <property name="sun.management.compiler" value="HotSpot 64-Bit Tiered Compilers"/>
    <property name="ftp.nonProxyHosts" value="local|*.local|169.254/16|*.169.254/16"/>
    <property name="java.runtime.version" value="21.0.3"/>
    <property name="user.name" value="sandyyoung"/>
    <property name="stdout.encoding" value="UTF-8"/>
    <property name="path.separator" value=":"/>
    <property name="os.version" value="14.3"/>
    <property name="java.runtime.name" value="OpenJDK Runtime Environment"/>
    <property name="file.encoding" value="UTF-8"/>
    <property name="java.vm.name" value="OpenJDK 64-Bit Server VM"/>
    <property name="java.vendor.version" value="Homebrew"/>
    <property name="localRepository" value="/Users/sandyyoung/.m2/repository"/>
    <property name="java.vendor.url.bug" value="https://github.com/Homebrew/homebrew-core/issues"/>
    <property name="java.io.tmpdir" value="/var/folders/d2/0202vk794sq1l3vc9gfmw0lc0000gn/T/"/>
    <property name="java.version" value="21.0.3"/>
    <property name="user.dir" value="/Users/sandyyoung/IdeaProjects/New-Framework"/>
    <property name="os.arch" value="aarch64"/>
    <property name="java.vm.specification.name" value="Java Virtual Machine Specification"/>
    <property name="native.encoding" value="UTF-8"/>
    <property name="java.library.path" value="/Users/sandyyoung/Library/Java/Extensions:/Library/Java/Extensions:/Network/Library/Java/Extensions:/System/Library/Java/Extensions:/usr/lib/java:."/>
    <property name="java.vm.info" value="mixed mode, sharing"/>
    <property name="stderr.encoding" value="UTF-8"/>
    <property name="java.vendor" value="Homebrew"/>
    <property name="java.vm.version" value="21.0.3"/>
    <property name="sun.io.unicode.encoding" value="UnicodeBig"/>
    <property name="socksNonProxyHosts" value="local|*.local|169.254/16|*.169.254/16"/>
    <property name="java.class.version" value="65.0"/>
  </properties>
  <testcase name="LoginBerhasil" classname="intergrationTest.login.LoginTest" time="2.87">
    <system-out><![CDATA[Request method:	POST
Request URI:	https://octomobile-uat.cimbniaga.co.id/api/login/authentication/login/userid
Proxy:			<none>
Request params:	<none>
Query params:	<none>
Form params:	<none>
Path params:	<none>
Headers:		X-Secret=NOgF5_3ClXiI0D7Gf_eXA0CMhstZJ_5RTy7DAHXltV0mtSZT4sJGoYIsj-yaogbOjAW7t5BctTT0cmc14xkr5F928Udql6veD4lL1Hfg4o4w5XR7c4osuyfzg5PgOpzibMfChqFhQ5WGcOmMM0Yz0IClZGTF0SNxcrcW0dQabJaHclHVpUNw5sbtMydy229pB1jJLl0Ne1DQ0pSJOCeF9o0i6UYITezz8M-hQyg7uySBlrHcslMpEU_V3kad-jkIdK-mwSUWBZkG5br_2D32t5pLxcC6H8G-VJO1wuyQqhbKhOu1368pVn4et3_5SGfl3K1RXO7s2oeU4NFdwPwKaQ==
				Accept=*/*
				Content-Type=application/vnd.api.v2+json
Cookies:		<none>
Multiparts:		<none>
Body:
{
    "user_id": "5mX2dx2xCsd05v0OZ-fd2e29m-9Fq4U=",
    "device_id": "sWj6LgvoGqBzowWan8wRKmaqvwfdx0mjk0yswaNzjVc=",
    "os_type": "w2L9awGxGjFEO8uDjAxjKUBbvgyAjO4=",
    "device_info": "Samsung S20",
    "os_version": "14",
    "jailbreak_flag": false,
    "main_login_page": false
}
{
    "timestamp": "2024-05-21 21:22:20",
    "trace_id": "322470e3a94ca460",
    "source_system": "OCTOMOBILE_ID",
    "response_key": "SUCCESS",
    "message": {
        "title_idn": null,
        "title_eng": null,
        "desc_idn": null,
        "desc_eng": null
    },
    "data": {
        "nickname": "DIONSIT",
        "customer_segmentation": "REGULAR/FBS",
        "menu": null,
        "banked_status": "CASA",
        "mobile_phone": null,
        "last_login_date": "2024-05-21 21:22:03",
        "suggest_kycbanner": false,
        "cdp_key": "idoAuC5aEQZh-ED8XfpbJ3_sDzIwjcpPU2vrl-PJ",
        "supplement": false,
        "cdp_key_2": "DNjyOuTiusW8xKVyoQguHKy-zh5ZksrCPJKvIvKZiYKLxnYJv4uEc_14h5WdAnGqAlYHAa8cCQazUY092I1nSxTg1TZxV3SuwmWtLXe33KZX7qNTje_TVyg8KO7ks8p8zfeqrhN6j5VYy2e58aKB9F3FJGDxydYDC7Wxlo3jwtDuNcAW75pzwD0o8qXPgv4goaT2dQXC0qDUy4kV-j2_srWZTzz5jTe0ldAp0FGb6MT7mYV2V7wjJfah9rwBLGAz7nXtTZv9ckWoQU0XSKooBZUapRNtu5wREHOQu-huwj26nu7XAr2H1vmImXJxck5alZhdUpEj9eBMVsj8GwXowg"
    }
}
]]></system-out>
  </testcase>
</testsuite>