<?xml version="1.0" encoding="UTF-8"?>
<!-- Generated by org.testng.reporters.JUnitReportReporter -->
<testsuite hostname="MacBook-Pro.local" failures="0" tests="1" name="intergrationTest.login.LoginTest" time="2.870" errors="0" timestamp="2024-05-21T21:22:20 WIB" skipped="0">
  <testcase classname="intergrationTest.login.LoginTest" name="LoginBerhasil" time="2.870"/>
  <system-out/>
</testsuite> <!-- intergrationTest.login.LoginTest -->
